0 info it worked if it ends with ok
1 verbose cli [ 'C:\\Program Files (x86)\\Nodist\\v-x64\\6.3.1\\node.exe',
1 verbose cli   'C:\\Program Files (x86)\\Nodist\\npmv\\3.10.6\\bin\\npm-cli.js',
1 verbose cli   'run',
1 verbose cli   'test' ]
2 info using npm@3.10.6
3 info using node@v6.3.1
4 verbose run-script [ 'pretest', 'test', 'posttest' ]
5 info lifecycle learnjs@1.0.0~pretest: learnjs@1.0.0
6 silly lifecycle learnjs@1.0.0~pretest: no script for pretest, continuing
7 info lifecycle learnjs@1.0.0~test: learnjs@1.0.0
8 verbose lifecycle learnjs@1.0.0~test: unsafe-perm in lifecycle true
9 verbose lifecycle learnjs@1.0.0~test: PATH: C:\Program Files (x86)\Nodist\npmv\3.10.6\bin\node-gyp-bin;C:\Users\kouetsu_serizawa\learnjs\node_modules\.bin;C:\Program Files (x86)\Nodist\v-x64\6.3.1;C:\Program Files\Git\mingw64\bin;C:\Program Files\Git\usr\bin;C:\Users\kouetsu_serizawa\bin;C:\Program Files\Docker\Docker\Resources\bin;C:\Program Files\Java\jdk1.6.0_45\bin;C:\Program Files\Dell\DW WLAN Card;C:\Program Files (x86)\Intel\iCLS Client\;C:\Program Files\Intel\iCLS Client\;C:\WINDOWS\system32;C:\WINDOWS;C:\WINDOWS\System32\Wbem;C:\WINDOWS\System32\WindowsPowerShell\v1.0\;C:\Program Files (x86)\Intel\Intel(R) Management Engine Components\DAL;C:\Program Files\Intel\Intel(R) Management Engine Components\DAL;C:\Program Files (x86)\Intel\Intel(R) Management Engine Components\IPT;C:\Program Files\Intel\Intel(R) Management Engine Components\IPT;c:\Program Files\WIDCOMM\Bluetooth Software\;c:\Program Files\WIDCOMM\Bluetooth Software\syswow64;C:\pleiades\pleiades\tomcat\8;C:\Program Files\PostgreSQL\9.5\bin;C:\cygwin64\bin;C:\HashiCorp\Vagrant\bin;C:\Program Files (x86)\Brackets\command;C:\Program Files (x86)\Nodist\bin;C:\Program Files\PostgreSQL\9.6\bin;C:\Program Files\TortoiseGit\bin;C:\Program Files\nodejs\;C:\Program Files\Git\cmd;C:\ProgramData\Oracle\Java\javapath;C:\Users\kouetsu_serizawa\AppData\Local\Programs\Python\Python36\Scripts\;C:\Users\kouetsu_serizawa\AppData\Local\Programs\Python\Python36\;C:\Users\kouetsu_serizawa\AppData\Roaming\npm;C:\Program Files\Heroku\bin;C:\Users\kouetsu_serizawa\AppData\Local\Microsoft\WindowsApps;C:\Program Files\Microsoft VS Code\bin
10 verbose lifecycle learnjs@1.0.0~test: CWD: C:\Users\kouetsu_serizawa\learnjs
11 silly lifecycle learnjs@1.0.0~test: Args: [ '/d /s /c', 'npm run deleteCoverage && npm run karma' ]
12 silly lifecycle learnjs@1.0.0~test: Returned: code: 1  signal: null
13 info lifecycle learnjs@1.0.0~test: Failed to exec test script
14 verbose stack Error: learnjs@1.0.0 test: `npm run deleteCoverage && npm run karma`
14 verbose stack Exit status 1
14 verbose stack     at EventEmitter.<anonymous> (C:\Program Files (x86)\Nodist\npmv\3.10.6\lib\utils\lifecycle.js:255:16)
14 verbose stack     at emitTwo (events.js:106:13)
14 verbose stack     at EventEmitter.emit (events.js:191:7)
14 verbose stack     at ChildProcess.<anonymous> (C:\Program Files (x86)\Nodist\npmv\3.10.6\lib\utils\spawn.js:40:14)
14 verbose stack     at emitTwo (events.js:106:13)
14 verbose stack     at ChildProcess.emit (events.js:191:7)
14 verbose stack     at maybeClose (internal/child_process.js:852:16)
14 verbose stack     at Process.ChildProcess._handle.onexit (internal/child_process.js:215:5)
15 verbose pkgid learnjs@1.0.0
16 verbose cwd C:\Users\kouetsu_serizawa\learnjs
17 error Windows_NT 10.0.16299
18 error argv "C:\\Program Files (x86)\\Nodist\\v-x64\\6.3.1\\node.exe" "C:\\Program Files (x86)\\Nodist\\npmv\\3.10.6\\bin\\npm-cli.js" "run" "test"
19 error node v6.3.1
20 error npm  v3.10.6
21 error code ELIFECYCLE
22 error learnjs@1.0.0 test: `npm run deleteCoverage && npm run karma`
22 error Exit status 1
23 error Failed at the learnjs@1.0.0 test script 'npm run deleteCoverage && npm run karma'.
23 error Make sure you have the latest version of node.js and npm installed.
23 error If you do, this is most likely a problem with the learnjs package,
23 error not with npm itself.
23 error Tell the author that this fails on your system:
23 error     npm run deleteCoverage && npm run karma
23 error You can get information on how to open an issue for this project with:
23 error     npm bugs learnjs
23 error Or if that isn't available, you can get their info via:
23 error     npm owner ls learnjs
23 error There is likely additional logging output above.
24 verbose exit [ 1, true ]
